# JRE version: Java(TM) SE Runtime Environment (8.0_91-b14) (build 1.8.0_91-b14)
# Java VM: Java HotSpot(TM) 64-Bit Server VM (25.91-b14 mixed mode linux-amd64 compressed oops)
Heap:
 PSYoungGen      total 32768K, used 2016K [0x00000000eab00000, 0x00000000ecd00000, 0x0000000100000000)
  eden space 30720K, 0% used [0x00000000eab00000,0x00000000eab00000,0x00000000ec900000)
  from space 2048K, 98% used [0x00000000ec900000,0x00000000ecaf83d0,0x00000000ecb00000)
  to   space 2048K, 0% used [0x00000000ecb00000,0x00000000ecb00000,0x00000000ecd00000)
 ParOldGen       total 45568K, used 44776K [0x00000000c0000000, 0x00000000c2c80000, 0x00000000eab00000)
  object space 45568K, 98% used [0x00000000c0000000,0x00000000c2bba100,0x00000000c2c80000)
 Metaspace       used 5264K, capacity 6544K, committed 6784K, reserved 1056768K
  class space    used 506K, capacity 584K, committed 640K, reserved 1048576K
GC Heap History (9 events):
Event: 4.025 GC heap before
{Heap before GC invocations=1 (full 0):
 PSYoungGen      total 17408K, used 15360K [0x00000000eab00000, 0x00000000ebe00000, 0x0000000100000000)
  eden space 15360K, 100% used [0x00000000eab00000,0x00000000eba00000,0x00000000eba00000)
  from space 2048K, 0% used [0x00000000ebc00000,0x00000000ebc00000,0x00000000ebe00000)
  to   space 2048K, 0% used [0x00000000eba00000,0x00000000eba00000,0x00000000ebc00000)
 ParOldGen       total 39936K, used 0K [0x00000000c0000000, 0x00000000c2700000, 0x00000000eab00000)
  object space 39936K, 0% used [0x00000000c0000000,0x00000000c0000000,0x00000000c2700000)
 Metaspace       used 5014K, capacity 6416K, committed 6528K, reserved 1056768K
  class space    used 505K, capacity 584K, committed 640K, reserved 1048576K
Event: 4.048 GC heap after
Heap after GC invocations=1 (full 0):
 PSYoungGen      total 17408K, used 2036K [0x00000000eab00000, 0x00000000ebe00000, 0x0000000100000000)
  eden space 15360K, 0% used [0x00000000eab00000,0x00000000eab00000,0x00000000eba00000)
  from space 2048K, 99% used [0x00000000eba00000,0x00000000ebbfd390,0x00000000ebc00000)
  to   space 2048K, 0% used [0x00000000ebc00000,0x00000000ebc00000,0x00000000ebe00000)
 ParOldGen       total 39936K, used 5117K [0x00000000c0000000, 0x00000000c2700000, 0x00000000eab00000)
  object space 39936K, 12% used [0x00000000c0000000,0x00000000c04ff718,0x00000000c2700000)
 Metaspace       used 5014K, capacity 6416K, committed 6528K, reserved 1056768K
  class space    used 505K, capacity 584K, committed 640K, reserved 1048576K
}
Event: 4.390 GC heap before
{Heap before GC invocations=2 (full 0):
 PSYoungGen      total 17408K, used 17396K [0x00000000eab00000, 0x00000000ebe00000, 0x0000000100000000)
  eden space 15360K, 100% used [0x00000000eab00000,0x00000000eba00000,0x00000000eba00000)
  from space 2048K, 99% used [0x00000000eba00000,0x00000000ebbfd390,0x00000000ebc00000)
  to   space 2048K, 0% used [0x00000000ebc00000,0x00000000ebc00000,0x00000000ebe00000)
 ParOldGen       total 39936K, used 5117K [0x00000000c0000000, 0x00000000c2700000, 0x00000000eab00000)
  object space 39936K, 12% used [0x00000000c0000000,0x00000000c04ff718,0x00000000c2700000)
 Metaspace       used 5147K, capacity 6480K, committed 6784K, reserved 1056768K
  class space    used 506K, capacity 584K, committed 640K, reserved 1048576K
Event: 4.422 GC heap after
Heap after GC invocations=2 (full 0):
 PSYoungGen      total 17408K, used 2038K [0x00000000eab00000, 0x00000000ecd00000, 0x0000000100000000)
  eden space 15360K, 0% used [0x00000000eab00000,0x00000000eab00000,0x00000000eba00000)
  from space 2048K, 99% used [0x00000000ebc00000,0x00000000ebdfd970,0x00000000ebe00000)
  to   space 2048K, 0% used [0x00000000eba00000,0x00000000eba00000,0x00000000ebc00000)
 ParOldGen       total 39936K, used 12939K [0x00000000c0000000, 0x00000000c2700000, 0x00000000eab00000)
  object space 39936K, 32% used [0x00000000c0000000,0x00000000c0ca2de0,0x00000000c2700000)
 Metaspace       used 5147K, capacity 6480K, committed 6784K, reserved 1056768K
  class space    used 506K, capacity 584K, committed 640K, reserved 1048576K
}
Event: 4.766 GC heap before
{Heap before GC invocations=3 (full 0):
 PSYoungGen      total 17408K, used 17398K [0x00000000eab00000, 0x00000000ecd00000, 0x0000000100000000)
  eden space 15360K, 100% used [0x00000000eab00000,0x00000000eba00000,0x00000000eba00000)
  from space 2048K, 99% used [0x00000000ebc00000,0x00000000ebdfd970,0x00000000ebe00000)
  to   space 2048K, 0% used [0x00000000eba00000,0x00000000eba00000,0x00000000ebc00000)
 ParOldGen       total 39936K, used 12939K [0x00000000c0000000, 0x00000000c2700000, 0x00000000eab00000)
  object space 39936K, 32% used [0x00000000c0000000,0x00000000c0ca2de0,0x00000000c2700000)
 Metaspace       used 5189K, capacity 6544K, committed 6784K, reserved 1056768K
  class space    used 506K, capacity 584K, committed 640K, reserved 1048576K
Event: 4.805 GC heap after
Heap after GC invocations=3 (full 0):
 PSYoungGen      total 17408K, used 2035K [0x00000000eab00000, 0x00000000ecd00000, 0x0000000100000000)
  eden space 15360K, 0% used [0x00000000eab00000,0x00000000eab00000,0x00000000eba00000)
  from space 2048K, 99% used [0x00000000eba00000,0x00000000ebbfce78,0x00000000ebc00000)
  to   space 2048K, 0% used [0x00000000ecb00000,0x00000000ecb00000,0x00000000ecd00000)
 ParOldGen       total 39936K, used 20668K [0x00000000c0000000, 0x00000000c2700000, 0x00000000eab00000)
  object space 39936K, 51% used [0x00000000c0000000,0x00000000c142f3b8,0x00000000c2700000)
 Metaspace       used 5189K, capacity 6544K, committed 6784K, reserved 1056768K
  class space    used 506K, capacity 584K, committed 640K, reserved 1048576K
}
Event: 5.069 GC heap before
{Heap before GC invocations=4 (full 0):
 PSYoungGen      total 17408K, used 17395K [0x00000000eab00000, 0x00000000ecd00000, 0x0000000100000000)
  eden space 15360K, 100% used [0x00000000eab00000,0x00000000eba00000,0x00000000eba00000)
  from space 2048K, 99% used [0x00000000eba00000,0x00000000ebbfce78,0x00000000ebc00000)
  to   space 2048K, 0% used [0x00000000ecb00000,0x00000000ecb00000,0x00000000ecd00000)
 ParOldGen       total 39936K, used 20668K [0x00000000c0000000, 0x00000000c2700000, 0x00000000eab00000)
  object space 39936K, 51% used [0x00000000c0000000,0x00000000c142f3b8,0x00000000c2700000)
 Metaspace       used 5197K, capacity 6544K, committed 6784K, reserved 1056768K
  class space    used 506K, capacity 584K, committed 640K, reserved 1048576K
Event: 6.026 GC heap after
Heap after GC invocations=4 (full 0):
 PSYoungGen      total 32768K, used 2026K [0x00000000eab00000, 0x00000000ecd00000, 0x0000000100000000)
  eden space 30720K, 0% used [0x00000000eab00000,0x00000000eab00000,0x00000000ec900000)
  from space 2048K, 98% used [0x00000000ecb00000,0x00000000eccfa810,0x00000000ecd00000)
  to   space 2048K, 0% used [0x00000000ec900000,0x00000000ec900000,0x00000000ecb00000)
 ParOldGen       total 39936K, used 28570K [0x00000000c0000000, 0x00000000c2700000, 0x00000000eab00000)
  object space 39936K, 71% used [0x00000000c0000000,0x00000000c1be6b70,0x00000000c2700000)
 Metaspace       used 5197K, capacity 6544K, committed 6784K, reserved 1056768K
  class space    used 506K, capacity 584K, committed 640K, reserved 1048576K
}
Event: 8.959 GC heap before
{Heap before GC invocations=5 (full 0):
 PSYoungGen      total 32768K, used 32746K [0x00000000eab00000, 0x00000000ecd00000, 0x0000000100000000)
  eden space 30720K, 100% used [0x00000000eab00000,0x00000000ec900000,0x00000000ec900000)
  from space 2048K, 98% used [0x00000000ecb00000,0x00000000eccfa810,0x00000000ecd00000)
  to   space 2048K, 0% used [0x00000000ec900000,0x00000000ec900000,0x00000000ecb00000)
 ParOldGen       total 39936K, used 28570K [0x00000000c0000000, 0x00000000c2700000, 0x00000000eab00000)
  object space 39936K, 71% used [0x00000000c0000000,0x00000000c1be6b70,0x00000000c2700000)
 Metaspace       used 5264K, capacity 6544K, committed 6784K, reserved 1056768K
  class space    used 506K, capacity 584K, committed 640K, reserved 1048576K

